<?xml version="1.0" encoding="UTF-8"?>
<testsuite name="htw.berlin.webtech.teambackend.ThingBackendApplicationTests" tests="1" skipped="0" failures="0" errors="0" timestamp="2024-06-30T15:22:31" hostname="MacBook-Pro-4.local" time="0.272">
  <properties/>
  <testcase name="contextLoads()" classname="htw.berlin.webtech.teambackend.ThingBackendApplicationTests" time="0.272"/>
  <system-out><![CDATA[17:22:30.825 [Test worker] INFO org.springframework.test.context.support.AnnotationConfigContextLoaderUtils -- Could not detect default configuration classes for test class [htw.berlin.webtech.teambackend.ThingBackendApplicationTests]: ThingBackendApplicationTests does not declare any static, non-private, non-final, nested classes annotated with @Configuration.
17:22:30.855 [Test worker] INFO org.springframework.boot.test.context.SpringBootTestContextBootstrapper -- Found @SpringBootConfiguration htw.berlin.webtech.teambackend.WebtechApplication for test class htw.berlin.webtech.teambackend.ThingBackendApplicationTests

  .   ____          _            __ _ _
 /\\ / ___'_ __ _ _(_)_ __  __ _ \ \ \ \
( ( )\___ | '_ | '_| | '_ \/ _` | \ \ \ \
 \\/  ___)| |_)| | | | | || (_| |  ) ) ) )
  '  |____| .__|_| |_|_| |_\__, | / / / /
 =========|_|==============|___/=/_/_/_/
 :: Spring Boot ::                (v3.2.0)

2024-06-30T17:22:30.970+02:00  INFO 44495 --- [    Test worker] h.b.w.t.ThingBackendApplicationTests     : Starting ThingBackendApplicationTests using Java 21.0.1 with PID 44495 (started by zhaw in /Users/zhaw/Desktop/squadbuilder-backend)
2024-06-30T17:22:30.971+02:00  INFO 44495 --- [    Test worker] h.b.w.t.ThingBackendApplicationTests     : The following 1 profile is active: "test"
2024-06-30T17:22:31.161+02:00  INFO 44495 --- [    Test worker] .s.d.r.c.RepositoryConfigurationDelegate : Bootstrapping Spring Data JPA repositories in DEFAULT mode.
2024-06-30T17:22:31.177+02:00  INFO 44495 --- [    Test worker] .s.d.r.c.RepositoryConfigurationDelegate : Finished Spring Data repository scanning in 13 ms. Found 1 JPA repository interface.
2024-06-30T17:22:31.297+02:00  INFO 44495 --- [    Test worker] com.zaxxer.hikari.HikariDataSource       : HikariPool-1 - Starting...
2024-06-30T17:22:31.363+02:00  INFO 44495 --- [    Test worker] com.zaxxer.hikari.pool.HikariPool        : HikariPool-1 - Added connection conn0: url=jdbc:h2:mem:test user=SA
2024-06-30T17:22:31.366+02:00  INFO 44495 --- [    Test worker] com.zaxxer.hikari.HikariDataSource       : HikariPool-1 - Start completed.
2024-06-30T17:22:31.384+02:00  INFO 44495 --- [    Test worker] o.hibernate.jpa.internal.util.LogHelper  : HHH000204: Processing PersistenceUnitInfo [name: default]
2024-06-30T17:22:31.400+02:00  INFO 44495 --- [    Test worker] org.hibernate.Version                    : HHH000412: Hibernate ORM core version 6.3.1.Final
2024-06-30T17:22:31.409+02:00  INFO 44495 --- [    Test worker] o.h.c.internal.RegionFactoryInitiator    : HHH000026: Second-level cache disabled
2024-06-30T17:22:31.477+02:00  INFO 44495 --- [    Test worker] o.s.o.j.p.SpringPersistenceUnitInfo      : No LoadTimeWeaver setup: ignoring JPA class transformer
2024-06-30T17:22:31.751+02:00  INFO 44495 --- [    Test worker] o.h.e.t.j.p.i.JtaPlatformInitiator       : HHH000489: No JTA platform available (set 'hibernate.transaction.jta.platform' to enable JTA platform integration)
2024-06-30T17:22:31.765+02:00  INFO 44495 --- [    Test worker] j.LocalContainerEntityManagerFactoryBean : Initialized JPA EntityManagerFactory for persistence unit 'default'
2024-06-30T17:22:31.832+02:00  WARN 44495 --- [    Test worker] JpaBaseConfiguration$JpaWebConfiguration : spring.jpa.open-in-view is enabled by default. Therefore, database queries may be performed during view rendering. Explicitly configure spring.jpa.open-in-view to disable this warning
2024-06-30T17:22:31.989+02:00  INFO 44495 --- [    Test worker] h.b.w.t.ThingBackendApplicationTests     : Started ThingBackendApplicationTests in 1.09 seconds (process running for 1.458)
]]></system-out>
  <system-err><![CDATA[WARNING: A Java agent has been loaded dynamically (/Users/zhaw/.gradle/caches/modules-2/files-2.1/net.bytebuddy/byte-buddy-agent/1.14.10/90ed94ac044ea8953b224304c762316e91fd6b31/byte-buddy-agent-1.14.10.jar)
WARNING: If a serviceability tool is in use, please run with -XX:+EnableDynamicAgentLoading to hide this warning
WARNING: If a serviceability tool is not in use, please run with -Djdk.instrument.traceUsage for more information
WARNING: Dynamic loading of agents will be disallowed by default in a future release
]]></system-err>
</testsuite>
