<?xml version="1.0" encoding="UTF-8"?>
<testsuite name="htw.berlin.webtech.thingbackend.ThingControllerTest" tests="1" skipped="0" failures="0" errors="0" timestamp="2024-06-11T09:27:10" hostname="MacBook-Pro-4.local" time="0.059">
  <properties/>
  <testcase name="testGetRoute()" classname="htw.berlin.webtech.thingbackend.ThingControllerTest" time="0.059"/>
  <system-out><![CDATA[2024-06-11T11:27:09.856+02:00  INFO 8200 --- [    Test worker] t.c.s.AnnotationConfigContextLoaderUtils : Could not detect default configuration classes for test class [htw.berlin.webtech.thingbackend.ThingControllerTest]: ThingControllerTest does not declare any static, non-private, non-final, nested classes annotated with @Configuration.
2024-06-11T11:27:09.861+02:00  INFO 8200 --- [    Test worker] .b.t.c.SpringBootTestContextBootstrapper : Found @SpringBootConfiguration htw.berlin.webtech.thingbackend.ThingBackendApplication for test class htw.berlin.webtech.thingbackend.ThingControllerTest

  .   ____          _            __ _ _
 /\\ / ___'_ __ _ _(_)_ __  __ _ \ \ \ \
( ( )\___ | '_ | '_| | '_ \/ _` | \ \ \ \
 \\/  ___)| |_)| | | | | || (_| |  ) ) ) )
  '  |____| .__|_| |_|_| |_\__, | / / / /
 =========|_|==============|___/=/_/_/_/
 :: Spring Boot ::                (v3.2.0)

2024-06-11T11:27:09.869+02:00  INFO 8200 --- [    Test worker] h.b.w.thingbackend.ThingControllerTest   : Starting ThingControllerTest using Java 21.0.1 with PID 8200 (started by zhaw in /Users/zhaw/Desktop/squadbuilder-backend)
2024-06-11T11:27:09.869+02:00  INFO 8200 --- [    Test worker] h.b.w.thingbackend.ThingControllerTest   : No active profile set, falling back to 1 default profile: "default"
2024-06-11T11:27:10.033+02:00  INFO 8200 --- [    Test worker] o.s.b.t.m.w.SpringBootMockServletContext : Initializing Spring TestDispatcherServlet ''
2024-06-11T11:27:10.033+02:00  INFO 8200 --- [    Test worker] o.s.t.web.servlet.TestDispatcherServlet  : Initializing Servlet ''
2024-06-11T11:27:10.034+02:00  INFO 8200 --- [    Test worker] o.s.t.web.servlet.TestDispatcherServlet  : Completed initialization in 0 ms
2024-06-11T11:27:10.040+02:00  INFO 8200 --- [    Test worker] h.b.w.thingbackend.ThingControllerTest   : Started ThingControllerTest in 0.178 seconds (process running for 1.954)
2024-06-11T11:27:10.076+02:00  INFO 8200 --- [    Test worker] h.b.w.thingbackend.ThingController       : GET request on route things with 42
]]></system-out>
  <system-err><![CDATA[]]></system-err>
</testsuite>
