<?xml version="1.0" encoding="UTF-8"?>
<testsuite name="htw.berlin.webtech.thingbackend.ThingServiceTest" tests="1" skipped="0" failures="0" errors="0" timestamp="2024-06-11T09:27:10" hostname="MacBook-Pro-4.local" time="0.005">
  <properties/>
  <testcase name="should find a thing by its id" classname="htw.berlin.webtech.thingbackend.ThingServiceTest" time="0.005"/>
  <system-out><![CDATA[2024-06-11T11:27:10.108+02:00  INFO 8200 --- [    Test worker] t.c.s.AnnotationConfigContextLoaderUtils : Could not detect default configuration classes for test class [htw.berlin.webtech.thingbackend.ThingServiceTest]: ThingServiceTest does not declare any static, non-private, non-final, nested classes annotated with @Configuration.
2024-06-11T11:27:10.109+02:00  INFO 8200 --- [    Test worker] .b.t.c.SpringBootTestContextBootstrapper : Found @SpringBootConfiguration htw.berlin.webtech.thingbackend.ThingBackendApplication for test class htw.berlin.webtech.thingbackend.ThingServiceTest

  .   ____          _            __ _ _
 /\\ / ___'_ __ _ _(_)_ __  __ _ \ \ \ \
( ( )\___ | '_ | '_| | '_ \/ _` | \ \ \ \
 \\/  ___)| |_)| | | | | || (_| |  ) ) ) )
  '  |____| .__|_| |_|_| |_\__, | / / / /
 =========|_|==============|___/=/_/_/_/
 :: Spring Boot ::                (v3.2.0)

2024-06-11T11:27:10.126+02:00  INFO 8200 --- [    Test worker] h.b.w.thingbackend.ThingServiceTest      : Starting ThingServiceTest using Java 21.0.1 with PID 8200 (started by zhaw in /Users/zhaw/Desktop/squadbuilder-backend)
2024-06-11T11:27:10.126+02:00  INFO 8200 --- [    Test worker] h.b.w.thingbackend.ThingServiceTest      : No active profile set, falling back to 1 default profile: "default"
2024-06-11T11:27:10.202+02:00  INFO 8200 --- [    Test worker] .s.d.r.c.RepositoryConfigurationDelegate : Bootstrapping Spring Data JPA repositories in DEFAULT mode.
2024-06-11T11:27:10.206+02:00  INFO 8200 --- [    Test worker] .s.d.r.c.RepositoryConfigurationDelegate : Finished Spring Data repository scanning in 3 ms. Found 1 JPA repository interface.
2024-06-11T11:27:10.290+02:00  INFO 8200 --- [    Test worker] com.zaxxer.hikari.HikariDataSource       : HikariPool-2 - Starting...
2024-06-11T11:27:10.291+02:00  INFO 8200 --- [    Test worker] com.zaxxer.hikari.pool.HikariPool        : HikariPool-2 - Added connection conn10: url=jdbc:h2:mem:test user=ROOT
2024-06-11T11:27:10.291+02:00  INFO 8200 --- [    Test worker] com.zaxxer.hikari.HikariDataSource       : HikariPool-2 - Start completed.
2024-06-11T11:27:10.292+02:00  INFO 8200 --- [    Test worker] o.hibernate.jpa.internal.util.LogHelper  : HHH000204: Processing PersistenceUnitInfo [name: default]
2024-06-11T11:27:10.294+02:00  INFO 8200 --- [    Test worker] o.h.c.internal.RegionFactoryInitiator    : HHH000026: Second-level cache disabled
2024-06-11T11:27:10.295+02:00  INFO 8200 --- [    Test worker] o.s.o.j.p.SpringPersistenceUnitInfo      : No LoadTimeWeaver setup: ignoring JPA class transformer
2024-06-11T11:27:10.306+02:00  INFO 8200 --- [    Test worker] o.h.e.t.j.p.i.JtaPlatformInitiator       : HHH000489: No JTA platform available (set 'hibernate.transaction.jta.platform' to enable JTA platform integration)
2024-06-11T11:27:10.307+02:00  INFO 8200 --- [    Test worker] j.LocalContainerEntityManagerFactoryBean : Initialized JPA EntityManagerFactory for persistence unit 'default'
2024-06-11T11:27:10.329+02:00  WARN 8200 --- [    Test worker] JpaBaseConfiguration$JpaWebConfiguration : spring.jpa.open-in-view is enabled by default. Therefore, database queries may be performed during view rendering. Explicitly configure spring.jpa.open-in-view to disable this warning
2024-06-11T11:27:10.391+02:00  INFO 8200 --- [    Test worker] h.b.w.thingbackend.ThingServiceTest      : Started ThingServiceTest in 0.28 seconds (process running for 2.305)
]]></system-out>
  <system-err><![CDATA[]]></system-err>
</testsuite>
