<?xml version="1.0" encoding="UTF-8"?>
<testsuite name="htw.berlin.webtech.thingbackend.ThingBackendApplicationTests" tests="1" skipped="0" failures="0" errors="0" timestamp="2024-06-11T09:27:09" hostname="MacBook-Pro-4.local" time="0.245">
  <properties/>
  <testcase name="contextLoads()" classname="htw.berlin.webtech.thingbackend.ThingBackendApplicationTests" time="0.245"/>
  <system-out><![CDATA[11:27:08.380 [Test worker] INFO org.springframework.test.context.support.AnnotationConfigContextLoaderUtils -- Could not detect default configuration classes for test class [htw.berlin.webtech.thingbackend.ThingBackendApplicationTests]: ThingBackendApplicationTests does not declare any static, non-private, non-final, nested classes annotated with @Configuration.
11:27:08.413 [Test worker] INFO org.springframework.boot.test.context.SpringBootTestContextBootstrapper -- Found @SpringBootConfiguration htw.berlin.webtech.thingbackend.ThingBackendApplication for test class htw.berlin.webtech.thingbackend.ThingBackendApplicationTests

  .   ____          _            __ _ _
 /\\ / ___'_ __ _ _(_)_ __  __ _ \ \ \ \
( ( )\___ | '_ | '_| | '_ \/ _` | \ \ \ \
 \\/  ___)| |_)| | | | | || (_| |  ) ) ) )
  '  |____| .__|_| |_|_| |_\__, | / / / /
 =========|_|==============|___/=/_/_/_/
 :: Spring Boot ::                (v3.2.0)

2024-06-11T11:27:08.527+02:00  INFO 8200 --- [    Test worker] h.b.w.t.ThingBackendApplicationTests     : Starting ThingBackendApplicationTests using Java 21.0.1 with PID 8200 (started by zhaw in /Users/zhaw/Desktop/squadbuilder-backend)
2024-06-11T11:27:08.528+02:00  INFO 8200 --- [    Test worker] h.b.w.t.ThingBackendApplicationTests     : No active profile set, falling back to 1 default profile: "default"
2024-06-11T11:27:08.703+02:00  INFO 8200 --- [    Test worker] .s.d.r.c.RepositoryConfigurationDelegate : Bootstrapping Spring Data JPA repositories in DEFAULT mode.
2024-06-11T11:27:08.717+02:00  INFO 8200 --- [    Test worker] .s.d.r.c.RepositoryConfigurationDelegate : Finished Spring Data repository scanning in 11 ms. Found 1 JPA repository interface.
2024-06-11T11:27:08.843+02:00  INFO 8200 --- [    Test worker] com.zaxxer.hikari.HikariDataSource       : HikariPool-1 - Starting...
2024-06-11T11:27:08.970+02:00  INFO 8200 --- [    Test worker] com.zaxxer.hikari.pool.HikariPool        : HikariPool-1 - Added connection conn0: url=jdbc:h2:mem:test user=ROOT
2024-06-11T11:27:08.970+02:00  INFO 8200 --- [    Test worker] com.zaxxer.hikari.HikariDataSource       : HikariPool-1 - Start completed.
2024-06-11T11:27:08.988+02:00  INFO 8200 --- [    Test worker] o.hibernate.jpa.internal.util.LogHelper  : HHH000204: Processing PersistenceUnitInfo [name: default]
2024-06-11T11:27:09.006+02:00  INFO 8200 --- [    Test worker] org.hibernate.Version                    : HHH000412: Hibernate ORM core version 6.3.1.Final
2024-06-11T11:27:09.016+02:00  INFO 8200 --- [    Test worker] o.h.c.internal.RegionFactoryInitiator    : HHH000026: Second-level cache disabled
2024-06-11T11:27:09.082+02:00  INFO 8200 --- [    Test worker] o.s.o.j.p.SpringPersistenceUnitInfo      : No LoadTimeWeaver setup: ignoring JPA class transformer
2024-06-11T11:27:09.337+02:00  INFO 8200 --- [    Test worker] o.h.e.t.j.p.i.JtaPlatformInitiator       : HHH000489: No JTA platform available (set 'hibernate.transaction.jta.platform' to enable JTA platform integration)
2024-06-11T11:27:09.347+02:00  INFO 8200 --- [    Test worker] j.LocalContainerEntityManagerFactoryBean : Initialized JPA EntityManagerFactory for persistence unit 'default'
2024-06-11T11:27:09.461+02:00  WARN 8200 --- [    Test worker] JpaBaseConfiguration$JpaWebConfiguration : spring.jpa.open-in-view is enabled by default. Therefore, database queries may be performed during view rendering. Explicitly configure spring.jpa.open-in-view to disable this warning
2024-06-11T11:27:09.602+02:00  INFO 8200 --- [    Test worker] h.b.w.t.ThingBackendApplicationTests     : Started ThingBackendApplicationTests in 1.148 seconds (process running for 1.516)
]]></system-out>
  <system-err><![CDATA[WARNING: A Java agent has been loaded dynamically (/Users/zhaw/.gradle/caches/modules-2/files-2.1/net.bytebuddy/byte-buddy-agent/1.14.10/90ed94ac044ea8953b224304c762316e91fd6b31/byte-buddy-agent-1.14.10.jar)
WARNING: If a serviceability tool is in use, please run with -XX:+EnableDynamicAgentLoading to hide this warning
WARNING: If a serviceability tool is not in use, please run with -Djdk.instrument.traceUsage for more information
WARNING: Dynamic loading of agents will be disallowed by default in a future release
]]></system-err>
</testsuite>
