<?xml version="1.0" encoding="UTF-8"?>
<testsuite name="htw.berlin.webtech.thingbackend.ThingTest" tests="1" skipped="0" failures="0" errors="0" timestamp="2024-06-11T09:27:10" hostname="MacBook-Pro-4.local" time="0.002">
  <properties/>
  <testcase name="testToString()" classname="htw.berlin.webtech.thingbackend.ThingTest" time="0.002"/>
  <system-out><![CDATA[]]></system-out>
  <system-err><![CDATA[]]></system-err>
</testsuite>
